<?xml version="1.0" encoding="UTF-8"?>
<!-- Generated by org.testng.reporters.JUnitReportReporter -->
<testsuite hostname="KRS-RTD-002" failures="0" tests="1" name="tests.SampleTest" time="5.855" errors="0" timestamp="2025-04-06T19:59:35 MSK" skipped="0">
  <testcase classname="tests.SampleTest" name="openGoogle" time="5.855"/>
</testsuite> <!-- tests.SampleTest -->
