<?xml version="1.0" encoding="UTF-8"?>
<!-- Generated by org.testng.reporters.JUnitReportReporter -->
<testsuite hostname="KRS-RTD-002" failures="0" tests="3" name="tests.GoogleSearchSuccessTest" time="133.205" errors="0" timestamp="2025-04-06T19:59:35 MSK" skipped="0">
  <testcase classname="tests.GoogleSearchSuccessTest" name="searchInGoogle" time="45.118"/>
  <testcase classname="tests.GoogleSearchSuccessTest" name="searchInGoogle" time="42.826"/>
  <testcase classname="tests.GoogleSearchSuccessTest" name="searchInGoogle" time="45.261"/>
</testsuite> <!-- tests.GoogleSearchSuccessTest -->
